This is XeTeX, Version 3.141592653-2.6-0.999995 (TeX Live 2023) (preloaded format=xelatex 2026.6.11)  24 JUN 2026 16:37
entering extended mode
 restricted \write18 enabled.
 %&-line parsing enabled.
**"/Users/ico/GitHub/ocbe-uio/impress/reports/model fit/impress_lb_model_fit.tex"
(/Users/ico/GitHub/ocbe-uio/impress/reports/model fit/impress_lb_model_fit.tex
LaTeX2e <2023-11-01> patch level 1
L3 programming layer <2024-02-20>
(/Users/ico/Library/TinyTeX/texmf-dist/tex/latex/base/article.cls
Document Class: article 2023/05/17 v1.4n Standard LaTeX document class
(/Users/ico/Library/TinyTeX/texmf-dist/tex/latex/base/size10.clo
File: size10.clo 2023/05/17 v1.4n Standard LaTeX file (size option)
)
\c@part=\count184
\c@section=\count185
\c@subsection=\count186
\c@subsubsection=\count187
\c@paragraph=\count188
\c@subparagraph=\count189
\c@figure=\count190
\c@table=\count191
\abovecaptionskip=\skip48
\belowcaptionskip=\skip49
\bibindent=\dimen140
) (/Users/ico/Library/TinyTeX/texmf-dist/tex/latex/xcolor/xcolor.sty
Package: xcolor 2023/11/15 v3.01 LaTeX color extensions (UK)
(/Users/ico/Library/TinyTeX/texmf-dist/tex/latex/graphics-cfg/color.cfg
File: color.cfg 2016/01/02 v1.6 sample color configuration
)
Package xcolor Info: Driver file: xetex.def on input line 274.
(/Users/ico/Library/TinyTeX/texmf-dist/tex/latex/graphics-def/xetex.def
File: xetex.def 2022/09/22 v5.0n Graphics/color driver for xetex
) (/Users/ico/Library/TinyTeX/texmf-dist/tex/latex/graphics/mathcolor.ltx)
Package xcolor Info: Model `cmy' substituted by `cmy0' on input line 1350.
Package xcolor Info: Model `RGB' extended on input line 1366.
Package xcolor Info: Model `HTML' substituted by `rgb' on input line 1368.
Package xcolor Info: Model `Hsb' substituted by `hsb' on input line 1369.
Package xcolor Info: Model `tHsb' substituted by `hsb' on input line 1370.
Package xcolor Info: Model `HSB' substituted by `hsb' on input line 1371.
Package xcolor Info: Model `Gray' substituted by `gray' on input line 1372.
Package xcolor Info: Model `wave' substituted by `hsb' on input line 1373.
) (/Users/ico/Library/TinyTeX/texmf-dist/tex/latex/geometry/geometry.sty
Package: geometry 2020/01/02 v5.9 Page Geometry
(/Users/ico/Library/TinyTeX/texmf-dist/tex/latex/graphics/keyval.sty
Package: keyval 2022/05/29 v1.15 key=value parser (DPC)
\KV@toks@=\toks17
) (/Users/ico/Library/TinyTeX/texmf-dist/tex/generic/iftex/ifvtex.sty
Package: ifvtex 2019/10/25 v1.7 ifvtex legacy package. Use iftex instead.
(/Users/ico/Library/TinyTeX/texmf-dist/tex/generic/iftex/iftex.sty
Package: iftex 2022/02/03 v1.0f TeX engine tests
))
\Gm@cnth=\count192
\Gm@cntv=\count193
\c@Gm@tempcnt=\count194
\Gm@bindingoffset=\dimen141
\Gm@wd@mp=\dimen142
\Gm@odd@mp=\dimen143
\Gm@even@mp=\dimen144
\Gm@layoutwidth=\dimen145
\Gm@layoutheight=\dimen146
\Gm@layouthoffset=\dimen147
\Gm@layoutvoffset=\dimen148
\Gm@dimlist=\toks18
) (/Users/ico/Library/TinyTeX/texmf-dist/tex/latex/amsmath/amsmath.sty
Package: amsmath 2023/05/13 v2.17o AMS math features
\@mathmargin=\skip50
For additional information on amsmath, use the `?' option.
(/Users/ico/Library/TinyTeX/texmf-dist/tex/latex/amsmath/amstext.sty
Package: amstext 2021/08/26 v2.01 AMS text
(/Users/ico/Library/TinyTeX/texmf-dist/tex/latex/amsmath/amsgen.sty
File: amsgen.sty 1999/11/30 v2.0 generic functions
\@emptytoks=\toks19
\ex@=\dimen149
)) (/Users/ico/Library/TinyTeX/texmf-dist/tex/latex/amsmath/amsbsy.sty
Package: amsbsy 1999/11/29 v1.2d Bold Symbols
\pmbraise@=\dimen150
) (/Users/ico/Library/TinyTeX/texmf-dist/tex/latex/amsmath/amsopn.sty
Package: amsopn 2022/04/08 v2.04 operator names
)
\inf@bad=\count195
LaTeX Info: Redefining \frac on input line 234.
\uproot@=\count196
\leftroot@=\count197
LaTeX Info: Redefining \overline on input line 399.
LaTeX Info: Redefining \colon on input line 410.
\classnum@=\count198
\DOTSCASE@=\count199
LaTeX Info: Redefining \ldots on input line 496.
LaTeX Info: Redefining \dots on input line 499.
LaTeX Info: Redefining \cdots on input line 620.
\Mathstrutbox@=\box51
\strutbox@=\box52
LaTeX Info: Redefining \big on input line 722.
LaTeX Info: Redefining \Big on input line 723.
LaTeX Info: Redefining \bigg on input line 724.
LaTeX Info: Redefining \Bigg on input line 725.
\big@size=\dimen151
LaTeX Font Info:    Redeclaring font encoding OML on input line 743.
LaTeX Font Info:    Redeclaring font encoding OMS on input line 744.
\macc@depth=\count266
LaTeX Info: Redefining \bmod on input line 905.
LaTeX Info: Redefining \pmod on input line 910.
LaTeX Info: Redefining \smash on input line 940.
LaTeX Info: Redefining \relbar on input line 970.
LaTeX Info: Redefining \Relbar on input line 971.
\c@MaxMatrixCols=\count267
\dotsspace@=\muskip16
\c@parentequation=\count268
\dspbrk@lvl=\count269
\tag@help=\toks20
\row@=\count270
\column@=\count271
\maxfields@=\count272
\andhelp@=\toks21
\eqnshift@=\dimen152
\alignsep@=\dimen153
\tagshift@=\dimen154
\tagwidth@=\dimen155
\totwidth@=\dimen156
\lineht@=\dimen157
\@envbody=\toks22
\multlinegap=\skip51
\multlinetaggap=\skip52
\mathdisplay@stack=\toks23
LaTeX Info: Redefining \[ on input line 2953.
LaTeX Info: Redefining \] on input line 2954.
) (/Users/ico/Library/TinyTeX/texmf-dist/tex/latex/amsfonts/amssymb.sty
Package: amssymb 2013/01/14 v3.01 AMS font symbols
(/Users/ico/Library/TinyTeX/texmf-dist/tex/latex/amsfonts/amsfonts.sty
Package: amsfonts 2013/01/14 v3.01 Basic AMSFonts support
\symAMSa=\mathgroup4
\symAMSb=\mathgroup5
LaTeX Font Info:    Redeclaring math symbol \hbar on input line 98.
LaTeX Font Info:    Overwriting math alphabet `\mathfrak' in version `bold'
(Font)                  U/euf/m/n --> U/euf/b/n on input line 106.
)) (/Users/ico/Library/TinyTeX/texmf-dist/tex/latex/unicode-math/unicode-math.sty (/Users/ico/Library/TinyTeX/texmf-dist/tex/latex/l3kernel/expl3.sty
Package: expl3 2024-02-20 L3 programming layer (loader) 
(/Users/ico/Library/TinyTeX/texmf-dist/tex/latex/l3backend/l3backend-xetex.def
File: l3backend-xetex.def 2024-02-20 L3 backend support: XeTeX
\g__graphics_track_int=\count273
\l__pdf_internal_box=\box53
\g__pdf_backend_object_int=\count274
\g__pdf_backend_annotation_int=\count275
\g__pdf_backend_link_int=\count276
))
Package: unicode-math 2023/08/13 v0.8r Unicode maths in XeLaTeX and LuaLaTeX
(/Users/ico/Library/TinyTeX/texmf-dist/tex/latex/unicode-math/unicode-math-xetex.sty
Package: unicode-math-xetex 2023/08/13 v0.8r Unicode maths in XeLaTeX and LuaLaTeX
(/Users/ico/Library/TinyTeX/texmf-dist/tex/latex/l3packages/xparse/xparse.sty
Package: xparse 2024-02-18 L3 Experimental document command parser
) (/Users/ico/Library/TinyTeX/texmf-dist/tex/latex/l3packages/l3keys2e/l3keys2e.sty
Package: l3keys2e 2024-02-18 LaTeX2e option processing using LaTeX3 keys
) (/Users/ico/Library/TinyTeX/texmf-dist/tex/latex/fontspec/fontspec.sty
Package: fontspec 2024/02/13 v2.9a Font selection for XeLaTeX and LuaLaTeX
(/Users/ico/Library/TinyTeX/texmf-dist/tex/latex/fontspec/fontspec-xetex.sty
Package: fontspec-xetex 2024/02/13 v2.9a Font selection for XeLaTeX and LuaLaTeX
\l__fontspec_script_int=\count277
\l__fontspec_language_int=\count278
\l__fontspec_strnum_int=\count279
\l__fontspec_tmp_int=\count280
\l__fontspec_tmpa_int=\count281
\l__fontspec_tmpb_int=\count282
\l__fontspec_tmpc_int=\count283
\l__fontspec_em_int=\count284
\l__fontspec_emdef_int=\count285
\l__fontspec_strong_int=\count286
\l__fontspec_strongdef_int=\count287
\l__fontspec_tmpa_dim=\dimen158
\l__fontspec_tmpb_dim=\dimen159
\l__fontspec_tmpc_dim=\dimen160
(/Users/ico/Library/TinyTeX/texmf-dist/tex/latex/base/fontenc.sty
Package: fontenc 2021/04/29 v2.0v Standard LaTeX package
) (/Users/ico/Library/TinyTeX/texmf-dist/tex/latex/fontspec/fontspec.cfg))) (/Users/ico/Library/TinyTeX/texmf-dist/tex/latex/base/fix-cm.sty
Package: fix-cm 2020/11/24 v1.1t fixes to LaTeX
(/Users/ico/Library/TinyTeX/texmf-dist/tex/latex/base/ts1enc.def
File: ts1enc.def 2001/06/05 v3.0e (jk/car/fm) Standard LaTeX file
LaTeX Font Info:    Redeclaring font encoding TS1 on input line 47.
))
\g__um_fam_int=\count288
\g__um_fonts_used_int=\count289
\l__um_primecount_int=\count290
\g__um_primekern_muskip=\muskip17
(/Users/ico/Library/TinyTeX/texmf-dist/tex/latex/unicode-math/unicode-math-table.tex))) (/Users/ico/Library/TinyTeX/texmf-dist/tex/latex/lm/lmodern.sty
Package: lmodern 2015/05/01 v1.6.1 Latin Modern Fonts
LaTeX Font Info:    Overwriting symbol font `operators' in version `normal'
(Font)                  OT1/cmr/m/n --> OT1/lmr/m/n on input line 22.
LaTeX Font Info:    Overwriting symbol font `letters' in version `normal'
(Font)                  OML/cmm/m/it --> OML/lmm/m/it on input line 23.
LaTeX Font Info:    Overwriting symbol font `symbols' in version `normal'
(Font)                  OMS/cmsy/m/n --> OMS/lmsy/m/n on input line 24.
LaTeX Font Info:    Overwriting symbol font `largesymbols' in version `normal'
(Font)                  OMX/cmex/m/n --> OMX/lmex/m/n on input line 25.
LaTeX Font Info:    Overwriting symbol font `operators' in version `bold'
(Font)                  OT1/cmr/bx/n --> OT1/lmr/bx/n on input line 26.
LaTeX Font Info:    Overwriting symbol font `letters' in version `bold'
(Font)                  OML/cmm/b/it --> OML/lmm/b/it on input line 27.
LaTeX Font Info:    Overwriting symbol font `symbols' in version `bold'
(Font)                  OMS/cmsy/b/n --> OMS/lmsy/b/n on input line 28.
LaTeX Font Info:    Overwriting symbol font `largesymbols' in version `bold'
(Font)                  OMX/cmex/m/n --> OMX/lmex/m/n on input line 29.
LaTeX Font Info:    Overwriting math alphabet `\mathbf' in version `normal'
(Font)                  OT1/cmr/bx/n --> OT1/lmr/bx/n on input line 31.
LaTeX Font Info:    Overwriting math alphabet `\mathsf' in version `normal'
(Font)                  OT1/cmss/m/n --> OT1/lmss/m/n on input line 32.
LaTeX Font Info:    Overwriting math alphabet `\mathit' in version `normal'
(Font)                  OT1/cmr/m/it --> OT1/lmr/m/it on input line 33.
LaTeX Font Info:    Overwriting math alphabet `\mathtt' in version `normal'
(Font)                  OT1/cmtt/m/n --> OT1/lmtt/m/n on input line 34.
LaTeX Font Info:    Overwriting math alphabet `\mathbf' in version `bold'
(Font)                  OT1/cmr/bx/n --> OT1/lmr/bx/n on input line 35.
LaTeX Font Info:    Overwriting math alphabet `\mathsf' in version `bold'
(Font)                  OT1/cmss/bx/n --> OT1/lmss/bx/n on input line 36.
LaTeX Font Info:    Overwriting math alphabet `\mathit' in version `bold'
(Font)                  OT1/cmr/bx/it --> OT1/lmr/bx/it on input line 37.
LaTeX Font Info:    Overwriting math alphabet `\mathtt' in version `bold'
(Font)                  OT1/cmtt/m/n --> OT1/lmtt/m/n on input line 38.
) (/Users/ico/Library/TinyTeX/texmf-dist/tex/latex/upquote/upquote.sty
Package: upquote 2012/04/19 v1.3 upright-quote and grave-accent glyphs in verbatim
(/Users/ico/Library/TinyTeX/texmf-dist/tex/latex/base/textcomp.sty
Package: textcomp 2020/02/02 v2.0n Standard LaTeX package
)) (/Users/ico/Library/TinyTeX/texmf-dist/tex/latex/microtype/microtype.sty
Package: microtype 2023/03/13 v3.1a Micro-typographical refinements (RS)
(/Users/ico/Library/TinyTeX/texmf-dist/tex/latex/etoolbox/etoolbox.sty
Package: etoolbox 2020/10/05 v2.5k e-TeX tools for LaTeX (JAW)
\etb@tempcnta=\count291
)
\MT@toks=\toks24
\MT@tempbox=\box54
\MT@count=\count292
LaTeX Info: Redefining \noprotrusionifhmode on input line 1059.
LaTeX Info: Redefining \leftprotrusion on input line 1060.
\MT@prot@toks=\toks25
LaTeX Info: Redefining \rightprotrusion on input line 1078.
LaTeX Info: Redefining \textls on input line 1368.
\MT@outer@kern=\dimen161
LaTeX Info: Redefining \textmicrotypecontext on input line 1988.
\MT@listname@count=\count293
(/Users/ico/Library/TinyTeX/texmf-dist/tex/latex/microtype/microtype-xetex.def
File: microtype-xetex.def 2023/03/13 v3.1a Definitions specific to xetex (RS)
LaTeX Info: Redefining \lsstyle on input line 238.
)
Package microtype Info: Loading configuration file microtype.cfg.
(/Users/ico/Library/TinyTeX/texmf-dist/tex/latex/microtype/microtype.cfg
File: microtype.cfg 2023/03/13 v3.1a microtype main configuration file (RS)
)) (/Users/ico/Library/TinyTeX/texmf-dist/tex/latex/parskip/parskip.sty
Package: parskip 2021-03-14 v2.0h non-zero parskip adjustments
(/Users/ico/Library/TinyTeX/texmf-dist/tex/latex/kvoptions/kvoptions.sty
Package: kvoptions 2022-06-15 v3.15 Key value format for package options (HO)
(/Users/ico/Library/TinyTeX/texmf-dist/tex/generic/ltxcmds/ltxcmds.sty
Package: ltxcmds 2023-12-04 v1.26 LaTeX kernel commands for general use (HO)
) (/Users/ico/Library/TinyTeX/texmf-dist/tex/latex/kvsetkeys/kvsetkeys.sty
Package: kvsetkeys 2022-10-05 v1.19 Key value parser (HO)
))) (/Users/ico/Library/TinyTeX/texmf-dist/tex/latex/tools/longtable.sty
Package: longtable 2023-11-01 v4.19 Multi-page Table package (DPC)
\LTleft=\skip53
\LTright=\skip54
\LTpre=\skip55
\LTpost=\skip56
\LTchunksize=\count294
\LTcapwidth=\dimen162
\LT@head=\box55
\LT@firsthead=\box56
\LT@foot=\box57
\LT@lastfoot=\box58
\LT@gbox=\box59
\LT@cols=\count295
\LT@rows=\count296
\c@LT@tables=\count297
\c@LT@chunks=\count298
\LT@p@ftn=\toks26
) (/Users/ico/Library/TinyTeX/texmf-dist/tex/latex/booktabs/booktabs.sty
Package: booktabs 2020/01/12 v1.61803398 Publication quality tables
\heavyrulewidth=\dimen163
\lightrulewidth=\dimen164
\cmidrulewidth=\dimen165
\belowrulesep=\dimen166
\belowbottomsep=\dimen167
\aboverulesep=\dimen168
\abovetopsep=\dimen169
\cmidrulesep=\dimen170
\cmidrulekern=\dimen171
\defaultaddspace=\dimen172
\@cmidla=\count299
\@cmidlb=\count300
\@aboverulesep=\dimen173
\@belowrulesep=\dimen174
\@thisruleclass=\count301
\@lastruleclass=\count302
\@thisrulewidth=\dimen175
) (/Users/ico/Library/TinyTeX/texmf-dist/tex/latex/tools/array.sty
Package: array 2023/10/16 v2.5g Tabular extension package (FMi)
\col@sep=\dimen176
\ar@mcellbox=\box60
\extrarowheight=\dimen177
\NC@list=\toks27
\extratabsurround=\skip57
\backup@length=\skip58
\ar@cellbox=\box61
)
\c@none=\count303
(/Users/ico/Library/TinyTeX/texmf-dist/tex/latex/tools/calc.sty
Package: calc 2023/07/08 v4.3 Infix arithmetic (KKT,FJ)
\calc@Acount=\count304
\calc@Bcount=\count305
\calc@Adimen=\dimen178
\calc@Bdimen=\dimen179
\calc@Askip=\skip59
\calc@Bskip=\skip60
LaTeX Info: Redefining \setlength on input line 80.
LaTeX Info: Redefining \addtolength on input line 81.
\calc@Ccount=\count306
\calc@Cskip=\skip61
) (/Users/ico/Library/TinyTeX/texmf-dist/tex/latex/mdwtools/footnote.sty
Package: footnote 1997/01/28 1.13 Save footnotes around boxes
\fn@notes=\box62
\fn@width=\dimen180
) (/Users/ico/Library/TinyTeX/texmf-dist/tex/latex/graphics/graphicx.sty
Package: graphicx 2021/09/16 v1.2d Enhanced LaTeX Graphics (DPC,SPQR)
(/Users/ico/Library/TinyTeX/texmf-dist/tex/latex/graphics/graphics.sty
Package: graphics 2022/03/10 v1.4e Standard LaTeX Graphics (DPC,SPQR)
(/Users/ico/Library/TinyTeX/texmf-dist/tex/latex/graphics/trig.sty
Package: trig 2021/08/11 v1.11 sin cos tan (DPC)
) (/Users/ico/Library/TinyTeX/texmf-dist/tex/latex/graphics-cfg/graphics.cfg
File: graphics.cfg 2016/06/04 v1.11 sample graphics configuration
)
Package graphics Info: Driver file: xetex.def on input line 107.
)
\Gin@req@height=\dimen181
\Gin@req@width=\dimen182
)
\pandoc@box=\box63
(/Users/ico/Library/TinyTeX/texmf-dist/tex/latex/bookmark/bookmark.sty
Package: bookmark 2023-12-10 v1.31 PDF bookmarks (HO)
(/Users/ico/Library/TinyTeX/texmf-dist/tex/latex/hyperref/hyperref.sty
Package: hyperref 2024-01-20 v7.01h Hypertext links for LaTeX
(/Users/ico/Library/TinyTeX/texmf-dist/tex/generic/kvdefinekeys/kvdefinekeys.sty
Package: kvdefinekeys 2019-12-19 v1.6 Define keys (HO)
) (/Users/ico/Library/TinyTeX/texmf-dist/tex/generic/pdfescape/pdfescape.sty
Package: pdfescape 2019/12/09 v1.15 Implements pdfTeX's escape features (HO)
(/Users/ico/Library/TinyTeX/texmf-dist/tex/generic/pdftexcmds/pdftexcmds.sty
Package: pdftexcmds 2020-06-27 v0.33 Utility functions of pdfTeX for LuaTeX (HO)
(/Users/ico/Library/TinyTeX/texmf-dist/tex/generic/infwarerr/infwarerr.sty
Package: infwarerr 2019/12/03 v1.5 Providing info/warning/error messages (HO)
)
Package pdftexcmds Info: \pdf@primitive is available.
Package pdftexcmds Info: \pdf@ifprimitive is available.
Package pdftexcmds Info: \pdfdraftmode not found.
)) (/Users/ico/Library/TinyTeX/texmf-dist/tex/latex/hycolor/hycolor.sty
Package: hycolor 2020-01-27 v1.10 Color options for hyperref/bookmark (HO)
) (/Users/ico/Library/TinyTeX/texmf-dist/tex/latex/auxhook/auxhook.sty
Package: auxhook 2019-12-17 v1.6 Hooks for auxiliary files (HO)
) (/Users/ico/Library/TinyTeX/texmf-dist/tex/latex/hyperref/nameref.sty
Package: nameref 2023-11-26 v2.56 Cross-referencing by name of section
(/Users/ico/Library/TinyTeX/texmf-dist/tex/latex/refcount/refcount.sty
Package: refcount 2019/12/15 v3.6 Data extraction from label references (HO)
) (/Users/ico/Library/TinyTeX/texmf-dist/tex/generic/gettitlestring/gettitlestring.sty
Package: gettitlestring 2019/12/15 v1.6 Cleanup title references (HO)
)
\c@section@level=\count307
)
\@linkdim=\dimen183
\Hy@linkcounter=\count308
\Hy@pagecounter=\count309
(/Users/ico/Library/TinyTeX/texmf-dist/tex/latex/hyperref/pd1enc.def
File: pd1enc.def 2024-01-20 v7.01h Hyperref: PDFDocEncoding definition (HO)
) (/Users/ico/Library/TinyTeX/texmf-dist/tex/generic/intcalc/intcalc.sty
Package: intcalc 2019/12/15 v1.3 Expandable calculations with integers (HO)
)
\Hy@SavedSpaceFactor=\count310
(/Users/ico/Library/TinyTeX/texmf-dist/tex/latex/hyperref/puenc.def
File: puenc.def 2024-01-20 v7.01h Hyperref: PDF Unicode definition (HO)
)
Package hyperref Info: Option `unicode' set `true' on input line 4062.
Package hyperref Info: Hyper figures OFF on input line 4179.
Package hyperref Info: Link nesting OFF on input line 4184.
Package hyperref Info: Hyper index ON on input line 4187.
Package hyperref Info: Plain pages OFF on input line 4194.
Package hyperref Info: Backreferencing OFF on input line 4199.
Package hyperref Info: Implicit mode ON; LaTeX internals redefined.
Package hyperref Info: Bookmarks ON on input line 4446.
\c@Hy@tempcnt=\count311
(/Users/ico/Library/TinyTeX/texmf-dist/tex/latex/url/url.sty
\Urlmuskip=\muskip18
Package: url 2013/09/16  ver 3.4  Verb mode for urls, etc.
)
LaTeX Info: Redefining \url on input line 4784.
\XeTeXLinkMargin=\dimen184
(/Users/ico/Library/TinyTeX/texmf-dist/tex/generic/bitset/bitset.sty
Package: bitset 2019/12/09 v1.3 Handle bit-vector datatype (HO)
(/Users/ico/Library/TinyTeX/texmf-dist/tex/generic/bigintcalc/bigintcalc.sty
Package: bigintcalc 2019/12/15 v1.5 Expandable calculations on big integers (HO)
))
\Fld@menulength=\count312
\Field@Width=\dimen185
\Fld@charsize=\dimen186
Package hyperref Info: Hyper figures OFF on input line 6063.
Package hyperref Info: Link nesting OFF on input line 6068.
Package hyperref Info: Hyper index ON on input line 6071.
Package hyperref Info: backreferencing OFF on input line 6078.
Package hyperref Info: Link coloring OFF on input line 6083.
Package hyperref Info: Link coloring with OCG OFF on input line 6088.
Package hyperref Info: PDF/A mode OFF on input line 6093.
(/Users/ico/Library/TinyTeX/texmf-dist/tex/latex/base/atbegshi-ltx.sty
Package: atbegshi-ltx 2021/01/10 v1.0c Emulation of the original atbegshi
package with kernel methods
)
\Hy@abspage=\count313
\c@Item=\count314
\c@Hfootnote=\count315
)
Package hyperref Info: Driver (autodetected): hxetex.
(/Users/ico/Library/TinyTeX/texmf-dist/tex/latex/hyperref/hxetex.def
File: hxetex.def 2024-01-20 v7.01h Hyperref driver for XeTeX
(/Users/ico/Library/TinyTeX/texmf-dist/tex/generic/stringenc/stringenc.sty
Package: stringenc 2019/11/29 v1.12 Convert strings between diff. encodings (HO)
)
\pdfm@box=\box64
\c@Hy@AnnotLevel=\count316
\HyField@AnnotCount=\count317
\Fld@listcount=\count318
\c@bookmark@seq@number=\count319
(/Users/ico/Library/TinyTeX/texmf-dist/tex/latex/rerunfilecheck/rerunfilecheck.sty
Package: rerunfilecheck 2022-07-10 v1.10 Rerun checks for auxiliary files (HO)
(/Users/ico/Library/TinyTeX/texmf-dist/tex/latex/base/atveryend-ltx.sty
Package: atveryend-ltx 2020/08/19 v1.0a Emulation of the original atveryend package
with kernel methods
) (/Users/ico/Library/TinyTeX/texmf-dist/tex/generic/uniquecounter/uniquecounter.sty
Package: uniquecounter 2019/12/15 v1.4 Provide unlimited unique counter (HO)
)
Package uniquecounter Info: New unique counter `rerunfilecheck' on input line 285.
)
\Hy@SectionHShift=\skip62
) (/Users/ico/Library/TinyTeX/texmf-dist/tex/latex/bookmark/bkm-dvipdfm.def
File: bkm-dvipdfm.def 2023-12-10 v1.31 bookmark driver for dvipdfm (HO)
\BKM@id=\count320
)) (./impress_lb_model_fit.aux)
\openout1 = `impress_lb_model_fit.aux'.

LaTeX Font Info:    Checking defaults for OML/cmm/m/it on input line 82.
LaTeX Font Info:    ... okay on input line 82.
LaTeX Font Info:    Checking defaults for OMS/cmsy/m/n on input line 82.
LaTeX Font Info:    ... okay on input line 82.
LaTeX Font Info:    Checking defaults for OT1/cmr/m/n on input line 82.
LaTeX Font Info:    ... okay on input line 82.
LaTeX Font Info:    Checking defaults for T1/cmr/m/n on input line 82.
LaTeX Font Info:    ... okay on input line 82.
LaTeX Font Info:    Checking defaults for TS1/cmr/m/n on input line 82.
LaTeX Font Info:    ... okay on input line 82.
LaTeX Font Info:    Checking defaults for TU/lmr/m/n on input line 82.
LaTeX Font Info:    ... okay on input line 82.
LaTeX Font Info:    Checking defaults for OMX/cmex/m/n on input line 82.
LaTeX Font Info:    ... okay on input line 82.
LaTeX Font Info:    Checking defaults for U/cmr/m/n on input line 82.
LaTeX Font Info:    ... okay on input line 82.
LaTeX Font Info:    Checking defaults for PD1/pdf/m/n on input line 82.
LaTeX Font Info:    ... okay on input line 82.
LaTeX Font Info:    Checking defaults for PU/pdf/m/n on input line 82.
LaTeX Font Info:    ... okay on input line 82.
*geometry* driver: auto-detecting
*geometry* detected driver: xetex
*geometry* verbose mode - [ preamble ] result:
* driver: xetex
* paper: <default>
* layout: <same size as paper>
* layoutoffset:(h,v)=(0.0pt,0.0pt)
* modes: 
* h-part:(L,W,R)=(72.26999pt, 469.75502pt, 72.26999pt)
* v-part:(T,H,B)=(72.26999pt, 650.43001pt, 72.26999pt)
* \paperwidth=614.295pt
* \paperheight=794.96999pt
* \textwidth=469.75502pt
* \textheight=650.43001pt
* \oddsidemargin=0.0pt
* \evensidemargin=0.0pt
* \topmargin=-37.0pt
* \headheight=12.0pt
* \headsep=25.0pt
* \topskip=10.0pt
* \footskip=30.0pt
* \marginparwidth=65.0pt
* \marginparsep=11.0pt
* \columnsep=10.0pt
* \skip\footins=9.0pt plus 4.0pt minus 2.0pt
* \hoffset=0.0pt
* \voffset=0.0pt
* \mag=1000
* \@twocolumnfalse
* \@twosidefalse
* \@mparswitchfalse
* \@reversemarginfalse
* (1in=72.27pt=25.4mm, 1cm=28.453pt)

LaTeX Font Info:    Overwriting math alphabet `\mathrm' in version `normal'
(Font)                  OT1/lmr/m/n --> TU/lmr/m/n on input line 82.
LaTeX Font Info:    Overwriting math alphabet `\mathit' in version `normal'
(Font)                  OT1/lmr/m/it --> TU/lmr/m/it on input line 82.
LaTeX Font Info:    Overwriting math alphabet `\mathbf' in version `normal'
(Font)                  OT1/lmr/bx/n --> TU/lmr/bx/n on input line 82.
LaTeX Font Info:    Overwriting math alphabet `\mathsf' in version `normal'
(Font)                  OT1/lmss/m/n --> TU/lmss/m/n on input line 82.
LaTeX Font Info:    Overwriting math alphabet `\mathsf' in version `bold'
(Font)                  OT1/lmss/bx/n --> TU/lmss/bx/n on input line 82.
LaTeX Font Info:    Overwriting math alphabet `\mathtt' in version `normal'
(Font)                  OT1/lmtt/m/n --> TU/lmtt/m/n on input line 82.
LaTeX Font Info:    Overwriting math alphabet `\mathtt' in version `bold'
(Font)                  OT1/lmtt/m/n --> TU/lmtt/bx/n on input line 82.

Package fontspec Info: latinmodern-math scale = 0.9999964596882403.


Package fontspec Info: latinmodern-math scale = 0.9999964596882403.


Package fontspec Info: latinmodern-math scale = 0.9999964596882403.


Package fontspec Info: Font family 'latinmodern-math.otf(0)' created for font
(fontspec)             'latinmodern-math.otf' with options
(fontspec)             [Scale=MatchLowercase,BoldItalicFont={},ItalicFont={},SmallCapsFont={},Script=Math,BoldFont={latinmodern-math.otf}].
(fontspec)              
(fontspec)              This font family consists of the following NFSS
(fontspec)             series/shapes:
(fontspec)              
(fontspec)             - 'normal' (m/n) with NFSS spec.:
(fontspec)             <->s*[0.9999964596882403]"[latinmodern-math.otf]/OT:script=math;language=dflt;"
(fontspec)             - 'small caps'  (m/sc) with NFSS spec.: 
(fontspec)             - 'bold' (b/n) with NFSS spec.:
(fontspec)             <->s*[0.9999964596882403]"[latinmodern-math.otf]/OT:script=math;language=dflt;"
(fontspec)             - 'bold small caps'  (b/sc) with NFSS spec.: 

LaTeX Font Info:    Font shape `TU/latinmodern-math.otf(0)/m/n' will be
(Font)              scaled to size 10.0pt on input line 82.

Package fontspec Info: latinmodern-math scale = 0.9999964596882403.


Package fontspec Info: latinmodern-math scale = 0.9999964596882403.


Package fontspec Info: latinmodern-math scale = 0.9999964596882403.


Package fontspec Info: latinmodern-math scale = 0.9999964596882403.


Package fontspec Info: latinmodern-math scale = 0.9999964596882403.


Package fontspec Info: Font family 'latinmodern-math.otf(1)' created for font
(fontspec)             'latinmodern-math.otf' with options
(fontspec)             [Scale=MatchLowercase,BoldItalicFont={},ItalicFont={},SmallCapsFont={},Script=Math,SizeFeatures={{Size=8.5-},{Size=6-8.5,Font=latinmodern-math.otf,Style=MathScript},{Size=-6,Font=latinmodern-math.otf,Style=MathScriptScript}},BoldFont={latinmodern-math.otf}].
(fontspec)              
(fontspec)              This font family consists of the following NFSS
(fontspec)             series/shapes:
(fontspec)              
(fontspec)             - 'normal' (m/n) with NFSS spec.:
(fontspec)             <8.5->s*[0.9999964596882403]"[latinmodern-math.otf]/OT:script=math;language=dflt;"<6-8.5>s*[0.9999964596882403]"[latinmodern-math.otf]/OT:script=math;language=dflt;+ssty=0;"<-6>s*[0.9999964596882403]"[latinmodern-math.otf]/OT:script=math;language=dflt;+ssty=1;"
(fontspec)             - 'small caps'  (m/sc) with NFSS spec.: 
(fontspec)             - 'bold' (b/n) with NFSS spec.:
(fontspec)             <->s*[0.9999964596882403]"[latinmodern-math.otf]/OT:script=math;language=dflt;"
(fontspec)             - 'bold small caps'  (b/sc) with NFSS spec.: 

LaTeX Font Info:    Font shape `TU/latinmodern-math.otf(1)/m/n' will be
(Font)              scaled to size 10.0pt on input line 82.
LaTeX Font Info:    Encoding `OT1' has changed to `TU' for symbol font
(Font)              `operators' in the math version `normal' on input line 82.
LaTeX Font Info:    Overwriting symbol font `operators' in version `normal'
(Font)                  OT1/lmr/m/n --> TU/latinmodern-math.otf(1)/m/n on input line 82.
LaTeX Font Info:    Encoding `OT1' has changed to `TU' for symbol font
(Font)              `operators' in the math version `bold' on input line 82.
LaTeX Font Info:    Overwriting symbol font `operators' in version `bold'
(Font)                  OT1/lmr/bx/n --> TU/latinmodern-math.otf(1)/b/n on input line 82.

Package fontspec Info: latinmodern-math scale = 0.9999964596882403.


Package fontspec Info: latinmodern-math scale = 1.000096459334209.


Package fontspec Info: latinmodern-math scale = 0.9999964596882403.


Package fontspec Info: latinmodern-math scale = 1.000096459334209.


Package fontspec Info: latinmodern-math scale = 0.9999964596882403.


Package fontspec Info: latinmodern-math scale = 1.000096459334209.


Package fontspec Info: latinmodern-math scale = 0.9999964596882403.


Package fontspec Info: latinmodern-math scale = 1.000096459334209.


Package fontspec Info: latinmodern-math scale = 0.9999964596882403.


Package fontspec Info: latinmodern-math scale = 1.000096459334209.


Package fontspec Info: Font family 'latinmodern-math.otf(2)' created for font
(fontspec)             'latinmodern-math.otf' with options
(fontspec)             [Scale=MatchLowercase,BoldItalicFont={},ItalicFont={},SmallCapsFont={},Script=Math,SizeFeatures={{Size=8.5-},{Size=6-8.5,Font=latinmodern-math.otf,Style=MathScript},{Size=-6,Font=latinmodern-math.otf,Style=MathScriptScript}},BoldFont={latinmodern-math.otf},ScaleAgain=1.0001,FontAdjustment={\fontdimen
(fontspec)             8\font =6.77pt\relax \fontdimen 9\font =3.94pt\relax
(fontspec)             \fontdimen 10\font =4.44pt\relax \fontdimen 11\font
(fontspec)             =6.86pt\relax \fontdimen 12\font =3.45pt\relax
(fontspec)             \fontdimen 13\font =3.63pt\relax \fontdimen 14\font
(fontspec)             =3.63pt\relax \fontdimen 15\font =2.89pt\relax
(fontspec)             \fontdimen 16\font =2.47pt\relax \fontdimen 17\font
(fontspec)             =2.47pt\relax \fontdimen 18\font =2.5pt\relax
(fontspec)             \fontdimen 19\font =2.0pt\relax \fontdimen 22\font
(fontspec)             =2.5pt\relax \fontdimen 20\font =0pt\relax \fontdimen
(fontspec)             21\font =0pt\relax }].
(fontspec)              
(fontspec)              This font family consists of the following NFSS
(fontspec)             series/shapes:
(fontspec)              
(fontspec)             - 'normal' (m/n) with NFSS spec.:
(fontspec)             <8.5->s*[1.000096459334209]"[latinmodern-math.otf]/OT:script=math;language=dflt;"<6-8.5>s*[1.000096459334209]"[latinmodern-math.otf]/OT:script=math;language=dflt;+ssty=0;"<-6>s*[1.000096459334209]"[latinmodern-math.otf]/OT:script=math;language=dflt;+ssty=1;"
(fontspec)             - 'small caps'  (m/sc) with NFSS spec.: 
(fontspec)             and font adjustment code:
(fontspec)             \fontdimen 8\font =6.77pt\relax \fontdimen 9\font
(fontspec)             =3.94pt\relax \fontdimen 10\font =4.44pt\relax
(fontspec)             \fontdimen 11\font =6.86pt\relax \fontdimen 12\font
(fontspec)             =3.45pt\relax \fontdimen 13\font =3.63pt\relax
(fontspec)             \fontdimen 14\font =3.63pt\relax \fontdimen 15\font
(fontspec)             =2.89pt\relax \fontdimen 16\font =2.47pt\relax
(fontspec)             \fontdimen 17\font =2.47pt\relax \fontdimen 18\font
(fontspec)             =2.5pt\relax \fontdimen 19\font =2.0pt\relax \fontdimen
(fontspec)             22\font =2.5pt\relax \fontdimen 20\font =0pt\relax
(fontspec)             \fontdimen 21\font =0pt\relax 
(fontspec)             - 'bold' (b/n) with NFSS spec.:
(fontspec)             <->s*[1.000096459334209]"[latinmodern-math.otf]/OT:script=math;language=dflt;"
(fontspec)             - 'bold small caps'  (b/sc) with NFSS spec.: 
(fontspec)             and font adjustment code:
(fontspec)             \fontdimen 8\font =6.77pt\relax \fontdimen 9\font
(fontspec)             =3.94pt\relax \fontdimen 10\font =4.44pt\relax
(fontspec)             \fontdimen 11\font =6.86pt\relax \fontdimen 12\font
(fontspec)             =3.45pt\relax \fontdimen 13\font =3.63pt\relax
(fontspec)             \fontdimen 14\font =3.63pt\relax \fontdimen 15\font
(fontspec)             =2.89pt\relax \fontdimen 16\font =2.47pt\relax
(fontspec)             \fontdimen 17\font =2.47pt\relax \fontdimen 18\font
(fontspec)             =2.5pt\relax \fontdimen 19\font =2.0pt\relax \fontdimen
(fontspec)             22\font =2.5pt\relax \fontdimen 20\font =0pt\relax
(fontspec)             \fontdimen 21\font =0pt\relax 

LaTeX Font Info:    Encoding `OMS' has changed to `TU' for symbol font
(Font)              `symbols' in the math version `normal' on input line 82.
LaTeX Font Info:    Overwriting symbol font `symbols' in version `normal'
(Font)                  OMS/lmsy/m/n --> TU/latinmodern-math.otf(2)/m/n on input line 82.
LaTeX Font Info:    Encoding `OMS' has changed to `TU' for symbol font
(Font)              `symbols' in the math version `bold' on input line 82.
LaTeX Font Info:    Overwriting symbol font `symbols' in version `bold'
(Font)                  OMS/lmsy/b/n --> TU/latinmodern-math.otf(2)/b/n on input line 82.

Package fontspec Info: latinmodern-math scale = 0.9999964596882403.


Package fontspec Info: latinmodern-math scale = 0.9998964600422715.


Package fontspec Info: latinmodern-math scale = 0.9999964596882403.


Package fontspec Info: latinmodern-math scale = 0.9998964600422715.


Package fontspec Info: latinmodern-math scale = 0.9999964596882403.


Package fontspec Info: latinmodern-math scale = 0.9998964600422715.


Package fontspec Info: latinmodern-math scale = 0.9999964596882403.


Package fontspec Info: latinmodern-math scale = 0.9998964600422715.


Package fontspec Info: latinmodern-math scale = 0.9999964596882403.


Package fontspec Info: latinmodern-math scale = 0.9998964600422715.


Package fontspec Info: Font family 'latinmodern-math.otf(3)' created for font
(fontspec)             'latinmodern-math.otf' with options
(fontspec)             [Scale=MatchLowercase,BoldItalicFont={},ItalicFont={},SmallCapsFont={},Script=Math,SizeFeatures={{Size=8.5-},{Size=6-8.5,Font=latinmodern-math.otf,Style=MathScript},{Size=-6,Font=latinmodern-math.otf,Style=MathScriptScript}},BoldFont={latinmodern-math.otf},ScaleAgain=0.9999,FontAdjustment={\fontdimen
(fontspec)             8\font =0.4pt\relax \fontdimen 9\font =2.0pt\relax
(fontspec)             \fontdimen 10\font =1.67pt\relax \fontdimen 11\font
(fontspec)             =1.11pt\relax \fontdimen 12\font =6.0pt\relax
(fontspec)             \fontdimen 13\font =0pt\relax }].
(fontspec)              
(fontspec)              This font family consists of the following NFSS
(fontspec)             series/shapes:
(fontspec)              
(fontspec)             - 'normal' (m/n) with NFSS spec.:
(fontspec)             <8.5->s*[0.9998964600422715]"[latinmodern-math.otf]/OT:script=math;language=dflt;"<6-8.5>s*[0.9998964600422715]"[latinmodern-math.otf]/OT:script=math;language=dflt;+ssty=0;"<-6>s*[0.9998964600422715]"[latinmodern-math.otf]/OT:script=math;language=dflt;+ssty=1;"
(fontspec)             - 'small caps'  (m/sc) with NFSS spec.: 
(fontspec)             and font adjustment code:
(fontspec)             \fontdimen 8\font =0.4pt\relax \fontdimen 9\font
(fontspec)             =2.0pt\relax \fontdimen 10\font =1.67pt\relax
(fontspec)             \fontdimen 11\font =1.11pt\relax \fontdimen 12\font
(fontspec)             =6.0pt\relax \fontdimen 13\font =0pt\relax 
(fontspec)             - 'bold' (b/n) with NFSS spec.:
(fontspec)             <->s*[0.9998964600422715]"[latinmodern-math.otf]/OT:script=math;language=dflt;"
(fontspec)             - 'bold small caps'  (b/sc) with NFSS spec.: 
(fontspec)             and font adjustment code:
(fontspec)             \fontdimen 8\font =0.4pt\relax \fontdimen 9\font
(fontspec)             =2.0pt\relax \fontdimen 10\font =1.67pt\relax
(fontspec)             \fontdimen 11\font =1.11pt\relax \fontdimen 12\font
(fontspec)             =6.0pt\relax \fontdimen 13\font =0pt\relax 

LaTeX Font Info:    Encoding `OMX' has changed to `TU' for symbol font
(Font)              `largesymbols' in the math version `normal' on input line 82.
LaTeX Font Info:    Overwriting symbol font `largesymbols' in version `normal'
(Font)                  OMX/lmex/m/n --> TU/latinmodern-math.otf(3)/m/n on input line 82.
LaTeX Font Info:    Encoding `OMX' has changed to `TU' for symbol font
(Font)              `largesymbols' in the math version `bold' on input line 82.
LaTeX Font Info:    Overwriting symbol font `largesymbols' in version `bold'
(Font)                  OMX/lmex/m/n --> TU/latinmodern-math.otf(3)/b/n on input line 82.
LaTeX Info: Redefining \microtypecontext on input line 82.
Package microtype Info: Applying patch `item' on input line 82.
Package microtype Info: Applying patch `toc' on input line 82.
Package microtype Info: Applying patch `eqnum' on input line 82.
Package microtype Info: Applying patch `footnote' on input line 82.
Package microtype Info: Applying patch `verbatim' on input line 82.
Package microtype Info: Character protrusion enabled (level 2).
Package microtype Info: Using protrusion set `basicmath'.
Package microtype Info: No adjustment of tracking.
Package microtype Info: No adjustment of spacing.
Package microtype Info: No adjustment of kerning.
(/Users/ico/Library/TinyTeX/texmf-dist/tex/latex/microtype/mt-LatinModernRoman.cfg
File: mt-LatinModernRoman.cfg 2021/02/21 v1.1 microtype config. file: Latin Modern Roman (RS)
)
Package hyperref Info: Link coloring OFF on input line 82.
LaTeX Font Info:    Font shape `TU/latinmodern-math.otf(1)/m/n' will be
(Font)              scaled to size 12.0pt on input line 84.
LaTeX Font Info:    Font shape `TU/latinmodern-math.otf(1)/m/n' will be
(Font)              scaled to size 8.0pt on input line 84.
LaTeX Font Info:    Font shape `TU/latinmodern-math.otf(1)/m/n' will be
(Font)              scaled to size 6.0pt on input line 84.
LaTeX Font Info:    Trying to load font information for OML+lmm on input line 84.
(/Users/ico/Library/TinyTeX/texmf-dist/tex/latex/lm/omllmm.fd
File: omllmm.fd 2015/05/01 v1.6.1 Font defs for Latin Modern
)
LaTeX Font Info:    Font shape `TU/latinmodern-math.otf(2)/m/n' will be
(Font)              scaled to size 12.0011pt on input line 84.
LaTeX Font Info:    Font shape `TU/latinmodern-math.otf(2)/m/n' will be
(Font)              scaled to size 8.00073pt on input line 84.
LaTeX Font Info:    Font shape `TU/latinmodern-math.otf(2)/m/n' will be
(Font)              scaled to size 6.00055pt on input line 84.
LaTeX Font Info:    Font shape `TU/latinmodern-math.otf(3)/m/n' will be
(Font)              scaled to size 11.99872pt on input line 84.
LaTeX Font Info:    Font shape `TU/latinmodern-math.otf(3)/m/n' will be
(Font)              scaled to size 7.99915pt on input line 84.
LaTeX Font Info:    Font shape `TU/latinmodern-math.otf(3)/m/n' will be
(Font)              scaled to size 5.99936pt on input line 84.
LaTeX Font Info:    Trying to load font information for U+msa on input line 84.
(/Users/ico/Library/TinyTeX/texmf-dist/tex/latex/amsfonts/umsa.fd
File: umsa.fd 2013/01/14 v3.01 AMS symbols A
) (/Users/ico/Library/TinyTeX/texmf-dist/tex/latex/microtype/mt-msa.cfg
File: mt-msa.cfg 2006/02/04 v1.1 microtype config. file: AMS symbols (a) (RS)
)
LaTeX Font Info:    Trying to load font information for U+msb on input line 84.
(/Users/ico/Library/TinyTeX/texmf-dist/tex/latex/amsfonts/umsb.fd
File: umsb.fd 2013/01/14 v3.01 AMS symbols B
) (/Users/ico/Library/TinyTeX/texmf-dist/tex/latex/microtype/mt-msb.cfg
File: mt-msb.cfg 2005/06/01 v1.0 microtype config. file: AMS symbols (b) (RS)
) (./impress_lb_model_fit.toc
LaTeX Font Info:    Font shape `TU/latinmodern-math.otf(1)/m/n' will be
(Font)              scaled to size 7.0pt on input line 4.
LaTeX Font Info:    Font shape `TU/latinmodern-math.otf(1)/m/n' will be
(Font)              scaled to size 5.0pt on input line 4.
LaTeX Font Info:    Font shape `TU/latinmodern-math.otf(2)/m/n' will be
(Font)              scaled to size 10.00092pt on input line 4.
LaTeX Font Info:    Font shape `TU/latinmodern-math.otf(2)/m/n' will be
(Font)              scaled to size 7.00064pt on input line 4.
LaTeX Font Info:    Font shape `TU/latinmodern-math.otf(2)/m/n' will be
(Font)              scaled to size 5.00046pt on input line 4.
LaTeX Font Info:    Font shape `TU/latinmodern-math.otf(3)/m/n' will be
(Font)              scaled to size 9.99893pt on input line 4.
LaTeX Font Info:    Font shape `TU/latinmodern-math.otf(3)/m/n' will be
(Font)              scaled to size 6.99925pt on input line 4.
LaTeX Font Info:    Font shape `TU/latinmodern-math.otf(3)/m/n' will be
(Font)              scaled to size 4.99947pt on input line 4.
[1

] [2])
\tf@toc=\write3
\openout3 = `impress_lb_model_fit.toc'.

Missing character: There is no ≈ (U+2248) in font [lmroman10-regular]:mapping=tex-text;!

Overfull \hbox (11.5201pt too wide) in paragraph at lines 160--161
[]\TU/lmr/m/n/10 PARAMCD  
 []


Overfull \hbox (11.5201pt too wide) in paragraph at lines 180--181
[]\TU/lmr/m/n/10 PARAMCD  
 []


Overfull \hbox (9.9801pt too wide) in paragraph at lines 200--200
[]|\TU/lmr/m/n/10 FRACTKN|  
 []


Overfull \hbox (3.2601pt too wide) in paragraph at lines 208--208
[]|\TU/lmr/m/n/10 PDGFDD|  
 []


Overfull \hbox (1.6601pt too wide) in paragraph at lines 209--209
[]|\TU/lmr/m/n/10 PECAM1|  
 []


Overfull \hbox (1.0301pt too wide) in paragraph at lines 214--214
[]|\TU/lmr/m/n/10 ANGPT1|  
 []


Overfull \hbox (1.0301pt too wide) in paragraph at lines 215--215
[]|\TU/lmr/m/n/10 ANGPT2|  
 []


Overfull \hbox (7.2801pt too wide) in paragraph at lines 216--216
[]|\TU/lmr/m/n/10 ANGPTL4|  
 []


Overfull \hbox (2.9001pt too wide) in paragraph at lines 219--219
[]|\TU/lmr/m/n/10 COLIVA1|  
 []


Overfull \hbox (0.9601pt too wide) in paragraph at lines 229--229
[]|\TU/lmr/m/n/10 TENASC|  
 []


Overfull \hbox (9.8501pt too wide) in paragraph at lines 230--230
[]|\TU/lmr/m/n/10 TNFRSF18|  
 []

[3] [4]
LaTeX Font Info:    Font shape `TU/lmtt/bx/n' in size <12> not available
(Font)              Font shape `TU/lmtt/b/n' tried instead on input line 246.
File: /Users/ico/GitHub/ocbe-uio/impress/reports/model fit/impress_lb_model_fit_files/figure-latex/dist-aval-1.pdf Graphic file (type pdf)
<use /Users/ico/GitHub/ocbe-uio/impress/reports/model fit/impress_lb_model_fit_files/figure-latex/dist-aval-1.pdf>
File: /Users/ico/GitHub/ocbe-uio/impress/reports/model fit/impress_lb_model_fit_files/figure-latex/dist-aval-2.pdf Graphic file (type pdf)
<use /Users/ico/GitHub/ocbe-uio/impress/reports/model fit/impress_lb_model_fit_files/figure-latex/dist-aval-2.pdf>
[5]
File: /Users/ico/GitHub/ocbe-uio/impress/reports/model fit/impress_lb_model_fit_files/figure-latex/dist-aval-3.pdf Graphic file (type pdf)
<use /Users/ico/GitHub/ocbe-uio/impress/reports/model fit/impress_lb_model_fit_files/figure-latex/dist-aval-3.pdf>
File: /Users/ico/GitHub/ocbe-uio/impress/reports/model fit/impress_lb_model_fit_files/figure-latex/dist-aval-4.pdf Graphic file (type pdf)
<use /Users/ico/GitHub/ocbe-uio/impress/reports/model fit/impress_lb_model_fit_files/figure-latex/dist-aval-4.pdf>
[6]
File: /Users/ico/GitHub/ocbe-uio/impress/reports/model fit/impress_lb_model_fit_files/figure-latex/dist-aval-5.pdf Graphic file (type pdf)
<use /Users/ico/GitHub/ocbe-uio/impress/reports/model fit/impress_lb_model_fit_files/figure-latex/dist-aval-5.pdf>
File: /Users/ico/GitHub/ocbe-uio/impress/reports/model fit/impress_lb_model_fit_files/figure-latex/dist-aval-6.pdf Graphic file (type pdf)
<use /Users/ico/GitHub/ocbe-uio/impress/reports/model fit/impress_lb_model_fit_files/figure-latex/dist-aval-6.pdf>
[7]
File: /Users/ico/GitHub/ocbe-uio/impress/reports/model fit/impress_lb_model_fit_files/figure-latex/dist-aval-7.pdf Graphic file (type pdf)
<use /Users/ico/GitHub/ocbe-uio/impress/reports/model fit/impress_lb_model_fit_files/figure-latex/dist-aval-7.pdf>
File: /Users/ico/GitHub/ocbe-uio/impress/reports/model fit/impress_lb_model_fit_files/figure-latex/dist-aval-8.pdf Graphic file (type pdf)
<use /Users/ico/GitHub/ocbe-uio/impress/reports/model fit/impress_lb_model_fit_files/figure-latex/dist-aval-8.pdf>
[8]
File: /Users/ico/GitHub/ocbe-uio/impress/reports/model fit/impress_lb_model_fit_files/figure-latex/dist-aval-9.pdf Graphic file (type pdf)
<use /Users/ico/GitHub/ocbe-uio/impress/reports/model fit/impress_lb_model_fit_files/figure-latex/dist-aval-9.pdf>
File: /Users/ico/GitHub/ocbe-uio/impress/reports/model fit/impress_lb_model_fit_files/figure-latex/dist-aval-10.pdf Graphic file (type pdf)
<use /Users/ico/GitHub/ocbe-uio/impress/reports/model fit/impress_lb_model_fit_files/figure-latex/dist-aval-10.pdf>
[9]
File: /Users/ico/GitHub/ocbe-uio/impress/reports/model fit/impress_lb_model_fit_files/figure-latex/dist-aval-11.pdf Graphic file (type pdf)
<use /Users/ico/GitHub/ocbe-uio/impress/reports/model fit/impress_lb_model_fit_files/figure-latex/dist-aval-11.pdf>
File: /Users/ico/GitHub/ocbe-uio/impress/reports/model fit/impress_lb_model_fit_files/figure-latex/dist-aval-12.pdf Graphic file (type pdf)
<use /Users/ico/GitHub/ocbe-uio/impress/reports/model fit/impress_lb_model_fit_files/figure-latex/dist-aval-12.pdf>
[10]
File: /Users/ico/GitHub/ocbe-uio/impress/reports/model fit/impress_lb_model_fit_files/figure-latex/dist-aval-13.pdf Graphic file (type pdf)
<use /Users/ico/GitHub/ocbe-uio/impress/reports/model fit/impress_lb_model_fit_files/figure-latex/dist-aval-13.pdf>
File: /Users/ico/GitHub/ocbe-uio/impress/reports/model fit/impress_lb_model_fit_files/figure-latex/dist-aval-14.pdf Graphic file (type pdf)
<use /Users/ico/GitHub/ocbe-uio/impress/reports/model fit/impress_lb_model_fit_files/figure-latex/dist-aval-14.pdf>
[11]
File: /Users/ico/GitHub/ocbe-uio/impress/reports/model fit/impress_lb_model_fit_files/figure-latex/dist-aval-15.pdf Graphic file (type pdf)
<use /Users/ico/GitHub/ocbe-uio/impress/reports/model fit/impress_lb_model_fit_files/figure-latex/dist-aval-15.pdf>
File: /Users/ico/GitHub/ocbe-uio/impress/reports/model fit/impress_lb_model_fit_files/figure-latex/dist-aval-16.pdf Graphic file (type pdf)
<use /Users/ico/GitHub/ocbe-uio/impress/reports/model fit/impress_lb_model_fit_files/figure-latex/dist-aval-16.pdf>
[12]
File: /Users/ico/GitHub/ocbe-uio/impress/reports/model fit/impress_lb_model_fit_files/figure-latex/dist-aval-17.pdf Graphic file (type pdf)
<use /Users/ico/GitHub/ocbe-uio/impress/reports/model fit/impress_lb_model_fit_files/figure-latex/dist-aval-17.pdf>
File: /Users/ico/GitHub/ocbe-uio/impress/reports/model fit/impress_lb_model_fit_files/figure-latex/dist-aval-18.pdf Graphic file (type pdf)
<use /Users/ico/GitHub/ocbe-uio/impress/reports/model fit/impress_lb_model_fit_files/figure-latex/dist-aval-18.pdf>
[13]
File: /Users/ico/GitHub/ocbe-uio/impress/reports/model fit/impress_lb_model_fit_files/figure-latex/dist-aval-19.pdf Graphic file (type pdf)
<use /Users/ico/GitHub/ocbe-uio/impress/reports/model fit/impress_lb_model_fit_files/figure-latex/dist-aval-19.pdf>
File: /Users/ico/GitHub/ocbe-uio/impress/reports/model fit/impress_lb_model_fit_files/figure-latex/dist-aval-20.pdf Graphic file (type pdf)
<use /Users/ico/GitHub/ocbe-uio/impress/reports/model fit/impress_lb_model_fit_files/figure-latex/dist-aval-20.pdf>
[14]
File: /Users/ico/GitHub/ocbe-uio/impress/reports/model fit/impress_lb_model_fit_files/figure-latex/dist-aval-21.pdf Graphic file (type pdf)
<use /Users/ico/GitHub/ocbe-uio/impress/reports/model fit/impress_lb_model_fit_files/figure-latex/dist-aval-21.pdf>
File: /Users/ico/GitHub/ocbe-uio/impress/reports/model fit/impress_lb_model_fit_files/figure-latex/dist-aval-22.pdf Graphic file (type pdf)
<use /Users/ico/GitHub/ocbe-uio/impress/reports/model fit/impress_lb_model_fit_files/figure-latex/dist-aval-22.pdf>
[15]
File: /Users/ico/GitHub/ocbe-uio/impress/reports/model fit/impress_lb_model_fit_files/figure-latex/dist-aval-23.pdf Graphic file (type pdf)
<use /Users/ico/GitHub/ocbe-uio/impress/reports/model fit/impress_lb_model_fit_files/figure-latex/dist-aval-23.pdf>
File: /Users/ico/GitHub/ocbe-uio/impress/reports/model fit/impress_lb_model_fit_files/figure-latex/dist-aval-24.pdf Graphic file (type pdf)
<use /Users/ico/GitHub/ocbe-uio/impress/reports/model fit/impress_lb_model_fit_files/figure-latex/dist-aval-24.pdf>
[16]
File: /Users/ico/GitHub/ocbe-uio/impress/reports/model fit/impress_lb_model_fit_files/figure-latex/dist-aval-25.pdf Graphic file (type pdf)
<use /Users/ico/GitHub/ocbe-uio/impress/reports/model fit/impress_lb_model_fit_files/figure-latex/dist-aval-25.pdf>
File: /Users/ico/GitHub/ocbe-uio/impress/reports/model fit/impress_lb_model_fit_files/figure-latex/dist-aval-26.pdf Graphic file (type pdf)
<use /Users/ico/GitHub/ocbe-uio/impress/reports/model fit/impress_lb_model_fit_files/figure-latex/dist-aval-26.pdf>
[17]
File: /Users/ico/GitHub/ocbe-uio/impress/reports/model fit/impress_lb_model_fit_files/figure-latex/dist-aval-27.pdf Graphic file (type pdf)
<use /Users/ico/GitHub/ocbe-uio/impress/reports/model fit/impress_lb_model_fit_files/figure-latex/dist-aval-27.pdf>
File: /Users/ico/GitHub/ocbe-uio/impress/reports/model fit/impress_lb_model_fit_files/figure-latex/dist-aval-28.pdf Graphic file (type pdf)
<use /Users/ico/GitHub/ocbe-uio/impress/reports/model fit/impress_lb_model_fit_files/figure-latex/dist-aval-28.pdf>
[18]
File: /Users/ico/GitHub/ocbe-uio/impress/reports/model fit/impress_lb_model_fit_files/figure-latex/dist-aval-29.pdf Graphic file (type pdf)
<use /Users/ico/GitHub/ocbe-uio/impress/reports/model fit/impress_lb_model_fit_files/figure-latex/dist-aval-29.pdf>
File: /Users/ico/GitHub/ocbe-uio/impress/reports/model fit/impress_lb_model_fit_files/figure-latex/dist-aval-30.pdf Graphic file (type pdf)
<use /Users/ico/GitHub/ocbe-uio/impress/reports/model fit/impress_lb_model_fit_files/figure-latex/dist-aval-30.pdf>
[19]
File: /Users/ico/GitHub/ocbe-uio/impress/reports/model fit/impress_lb_model_fit_files/figure-latex/dist-aval-31.pdf Graphic file (type pdf)
<use /Users/ico/GitHub/ocbe-uio/impress/reports/model fit/impress_lb_model_fit_files/figure-latex/dist-aval-31.pdf>
File: /Users/ico/GitHub/ocbe-uio/impress/reports/model fit/impress_lb_model_fit_files/figure-latex/dist-aval-32.pdf Graphic file (type pdf)
<use /Users/ico/GitHub/ocbe-uio/impress/reports/model fit/impress_lb_model_fit_files/figure-latex/dist-aval-32.pdf>
[20]
File: /Users/ico/GitHub/ocbe-uio/impress/reports/model fit/impress_lb_model_fit_files/figure-latex/dist-aval-33.pdf Graphic file (type pdf)
<use /Users/ico/GitHub/ocbe-uio/impress/reports/model fit/impress_lb_model_fit_files/figure-latex/dist-aval-33.pdf>
[21]
File: /Users/ico/GitHub/ocbe-uio/impress/reports/model fit/impress_lb_model_fit_files/figure-latex/dist-chg-1.pdf Graphic file (type pdf)
<use /Users/ico/GitHub/ocbe-uio/impress/reports/model fit/impress_lb_model_fit_files/figure-latex/dist-chg-1.pdf>
File: /Users/ico/GitHub/ocbe-uio/impress/reports/model fit/impress_lb_model_fit_files/figure-latex/dist-chg-2.pdf Graphic file (type pdf)
<use /Users/ico/GitHub/ocbe-uio/impress/reports/model fit/impress_lb_model_fit_files/figure-latex/dist-chg-2.pdf>
File: /Users/ico/GitHub/ocbe-uio/impress/reports/model fit/impress_lb_model_fit_files/figure-latex/dist-chg-3.pdf Graphic file (type pdf)
<use /Users/ico/GitHub/ocbe-uio/impress/reports/model fit/impress_lb_model_fit_files/figure-latex/dist-chg-3.pdf>
[22]
File: /Users/ico/GitHub/ocbe-uio/impress/reports/model fit/impress_lb_model_fit_files/figure-latex/dist-chg-4.pdf Graphic file (type pdf)
<use /Users/ico/GitHub/ocbe-uio/impress/reports/model fit/impress_lb_model_fit_files/figure-latex/dist-chg-4.pdf>
File: /Users/ico/GitHub/ocbe-uio/impress/reports/model fit/impress_lb_model_fit_files/figure-latex/dist-chg-5.pdf Graphic file (type pdf)
<use /Users/ico/GitHub/ocbe-uio/impress/reports/model fit/impress_lb_model_fit_files/figure-latex/dist-chg-5.pdf>
[23]
File: /Users/ico/GitHub/ocbe-uio/impress/reports/model fit/impress_lb_model_fit_files/figure-latex/dist-chg-6.pdf Graphic file (type pdf)
<use /Users/ico/GitHub/ocbe-uio/impress/reports/model fit/impress_lb_model_fit_files/figure-latex/dist-chg-6.pdf>
File: /Users/ico/GitHub/ocbe-uio/impress/reports/model fit/impress_lb_model_fit_files/figure-latex/dist-chg-7.pdf Graphic file (type pdf)
<use /Users/ico/GitHub/ocbe-uio/impress/reports/model fit/impress_lb_model_fit_files/figure-latex/dist-chg-7.pdf>
[24]
File: /Users/ico/GitHub/ocbe-uio/impress/reports/model fit/impress_lb_model_fit_files/figure-latex/dist-chg-8.pdf Graphic file (type pdf)
<use /Users/ico/GitHub/ocbe-uio/impress/reports/model fit/impress_lb_model_fit_files/figure-latex/dist-chg-8.pdf>
File: /Users/ico/GitHub/ocbe-uio/impress/reports/model fit/impress_lb_model_fit_files/figure-latex/dist-chg-9.pdf Graphic file (type pdf)
<use /Users/ico/GitHub/ocbe-uio/impress/reports/model fit/impress_lb_model_fit_files/figure-latex/dist-chg-9.pdf>
[25]
File: /Users/ico/GitHub/ocbe-uio/impress/reports/model fit/impress_lb_model_fit_files/figure-latex/dist-chg-10.pdf Graphic file (type pdf)
<use /Users/ico/GitHub/ocbe-uio/impress/reports/model fit/impress_lb_model_fit_files/figure-latex/dist-chg-10.pdf>
File: /Users/ico/GitHub/ocbe-uio/impress/reports/model fit/impress_lb_model_fit_files/figure-latex/dist-chg-11.pdf Graphic file (type pdf)
<use /Users/ico/GitHub/ocbe-uio/impress/reports/model fit/impress_lb_model_fit_files/figure-latex/dist-chg-11.pdf>
[26]
File: /Users/ico/GitHub/ocbe-uio/impress/reports/model fit/impress_lb_model_fit_files/figure-latex/dist-chg-12.pdf Graphic file (type pdf)
<use /Users/ico/GitHub/ocbe-uio/impress/reports/model fit/impress_lb_model_fit_files/figure-latex/dist-chg-12.pdf>
File: /Users/ico/GitHub/ocbe-uio/impress/reports/model fit/impress_lb_model_fit_files/figure-latex/dist-chg-13.pdf Graphic file (type pdf)
<use /Users/ico/GitHub/ocbe-uio/impress/reports/model fit/impress_lb_model_fit_files/figure-latex/dist-chg-13.pdf>
[27]
File: /Users/ico/GitHub/ocbe-uio/impress/reports/model fit/impress_lb_model_fit_files/figure-latex/dist-chg-14.pdf Graphic file (type pdf)
<use /Users/ico/GitHub/ocbe-uio/impress/reports/model fit/impress_lb_model_fit_files/figure-latex/dist-chg-14.pdf>
File: /Users/ico/GitHub/ocbe-uio/impress/reports/model fit/impress_lb_model_fit_files/figure-latex/dist-chg-15.pdf Graphic file (type pdf)
<use /Users/ico/GitHub/ocbe-uio/impress/reports/model fit/impress_lb_model_fit_files/figure-latex/dist-chg-15.pdf>
[28]
File: /Users/ico/GitHub/ocbe-uio/impress/reports/model fit/impress_lb_model_fit_files/figure-latex/dist-chg-16.pdf Graphic file (type pdf)
<use /Users/ico/GitHub/ocbe-uio/impress/reports/model fit/impress_lb_model_fit_files/figure-latex/dist-chg-16.pdf>
File: /Users/ico/GitHub/ocbe-uio/impress/reports/model fit/impress_lb_model_fit_files/figure-latex/dist-chg-17.pdf Graphic file (type pdf)
<use /Users/ico/GitHub/ocbe-uio/impress/reports/model fit/impress_lb_model_fit_files/figure-latex/dist-chg-17.pdf>
[29]
File: /Users/ico/GitHub/ocbe-uio/impress/reports/model fit/impress_lb_model_fit_files/figure-latex/dist-chg-18.pdf Graphic file (type pdf)
<use /Users/ico/GitHub/ocbe-uio/impress/reports/model fit/impress_lb_model_fit_files/figure-latex/dist-chg-18.pdf>
File: /Users/ico/GitHub/ocbe-uio/impress/reports/model fit/impress_lb_model_fit_files/figure-latex/dist-chg-19.pdf Graphic file (type pdf)
<use /Users/ico/GitHub/ocbe-uio/impress/reports/model fit/impress_lb_model_fit_files/figure-latex/dist-chg-19.pdf>
[30]
File: /Users/ico/GitHub/ocbe-uio/impress/reports/model fit/impress_lb_model_fit_files/figure-latex/dist-chg-20.pdf Graphic file (type pdf)
<use /Users/ico/GitHub/ocbe-uio/impress/reports/model fit/impress_lb_model_fit_files/figure-latex/dist-chg-20.pdf>
File: /Users/ico/GitHub/ocbe-uio/impress/reports/model fit/impress_lb_model_fit_files/figure-latex/dist-chg-21.pdf Graphic file (type pdf)
<use /Users/ico/GitHub/ocbe-uio/impress/reports/model fit/impress_lb_model_fit_files/figure-latex/dist-chg-21.pdf>
[31]
File: /Users/ico/GitHub/ocbe-uio/impress/reports/model fit/impress_lb_model_fit_files/figure-latex/dist-chg-22.pdf Graphic file (type pdf)
<use /Users/ico/GitHub/ocbe-uio/impress/reports/model fit/impress_lb_model_fit_files/figure-latex/dist-chg-22.pdf>
File: /Users/ico/GitHub/ocbe-uio/impress/reports/model fit/impress_lb_model_fit_files/figure-latex/dist-chg-23.pdf Graphic file (type pdf)
<use /Users/ico/GitHub/ocbe-uio/impress/reports/model fit/impress_lb_model_fit_files/figure-latex/dist-chg-23.pdf>
[32]
File: /Users/ico/GitHub/ocbe-uio/impress/reports/model fit/impress_lb_model_fit_files/figure-latex/dist-chg-24.pdf Graphic file (type pdf)
<use /Users/ico/GitHub/ocbe-uio/impress/reports/model fit/impress_lb_model_fit_files/figure-latex/dist-chg-24.pdf>
File: /Users/ico/GitHub/ocbe-uio/impress/reports/model fit/impress_lb_model_fit_files/figure-latex/dist-chg-25.pdf Graphic file (type pdf)
<use /Users/ico/GitHub/ocbe-uio/impress/reports/model fit/impress_lb_model_fit_files/figure-latex/dist-chg-25.pdf>
[33]
File: /Users/ico/GitHub/ocbe-uio/impress/reports/model fit/impress_lb_model_fit_files/figure-latex/dist-chg-26.pdf Graphic file (type pdf)
<use /Users/ico/GitHub/ocbe-uio/impress/reports/model fit/impress_lb_model_fit_files/figure-latex/dist-chg-26.pdf>
File: /Users/ico/GitHub/ocbe-uio/impress/reports/model fit/impress_lb_model_fit_files/figure-latex/dist-chg-27.pdf Graphic file (type pdf)
<use /Users/ico/GitHub/ocbe-uio/impress/reports/model fit/impress_lb_model_fit_files/figure-latex/dist-chg-27.pdf>
[34]
File: /Users/ico/GitHub/ocbe-uio/impress/reports/model fit/impress_lb_model_fit_files/figure-latex/dist-chg-28.pdf Graphic file (type pdf)
<use /Users/ico/GitHub/ocbe-uio/impress/reports/model fit/impress_lb_model_fit_files/figure-latex/dist-chg-28.pdf>
File: /Users/ico/GitHub/ocbe-uio/impress/reports/model fit/impress_lb_model_fit_files/figure-latex/dist-chg-29.pdf Graphic file (type pdf)
<use /Users/ico/GitHub/ocbe-uio/impress/reports/model fit/impress_lb_model_fit_files/figure-latex/dist-chg-29.pdf>
[35]
File: /Users/ico/GitHub/ocbe-uio/impress/reports/model fit/impress_lb_model_fit_files/figure-latex/dist-chg-30.pdf Graphic file (type pdf)
<use /Users/ico/GitHub/ocbe-uio/impress/reports/model fit/impress_lb_model_fit_files/figure-latex/dist-chg-30.pdf>
File: /Users/ico/GitHub/ocbe-uio/impress/reports/model fit/impress_lb_model_fit_files/figure-latex/dist-chg-31.pdf Graphic file (type pdf)
<use /Users/ico/GitHub/ocbe-uio/impress/reports/model fit/impress_lb_model_fit_files/figure-latex/dist-chg-31.pdf>
[36]
File: /Users/ico/GitHub/ocbe-uio/impress/reports/model fit/impress_lb_model_fit_files/figure-latex/dist-chg-32.pdf Graphic file (type pdf)
<use /Users/ico/GitHub/ocbe-uio/impress/reports/model fit/impress_lb_model_fit_files/figure-latex/dist-chg-32.pdf>
File: /Users/ico/GitHub/ocbe-uio/impress/reports/model fit/impress_lb_model_fit_files/figure-latex/dist-chg-33.pdf Graphic file (type pdf)
<use /Users/ico/GitHub/ocbe-uio/impress/reports/model fit/impress_lb_model_fit_files/figure-latex/dist-chg-33.pdf>
[37]
File: /Users/ico/GitHub/ocbe-uio/impress/reports/model fit/impress_lb_model_fit_files/figure-latex/residual-diag-1.pdf Graphic file (type pdf)
<use /Users/ico/GitHub/ocbe-uio/impress/reports/model fit/impress_lb_model_fit_files/figure-latex/residual-diag-1.pdf>
[38]
File: /Users/ico/GitHub/ocbe-uio/impress/reports/model fit/impress_lb_model_fit_files/figure-latex/residual-diag-2.pdf Graphic file (type pdf)
<use /Users/ico/GitHub/ocbe-uio/impress/reports/model fit/impress_lb_model_fit_files/figure-latex/residual-diag-2.pdf>
[39]
File: /Users/ico/GitHub/ocbe-uio/impress/reports/model fit/impress_lb_model_fit_files/figure-latex/residual-diag-3.pdf Graphic file (type pdf)
<use /Users/ico/GitHub/ocbe-uio/impress/reports/model fit/impress_lb_model_fit_files/figure-latex/residual-diag-3.pdf>
[40]
File: /Users/ico/GitHub/ocbe-uio/impress/reports/model fit/impress_lb_model_fit_files/figure-latex/residual-diag-4.pdf Graphic file (type pdf)
<use /Users/ico/GitHub/ocbe-uio/impress/reports/model fit/impress_lb_model_fit_files/figure-latex/residual-diag-4.pdf>
[41]
File: /Users/ico/GitHub/ocbe-uio/impress/reports/model fit/impress_lb_model_fit_files/figure-latex/residual-diag-5.pdf Graphic file (type pdf)
<use /Users/ico/GitHub/ocbe-uio/impress/reports/model fit/impress_lb_model_fit_files/figure-latex/residual-diag-5.pdf>
[42]
File: /Users/ico/GitHub/ocbe-uio/impress/reports/model fit/impress_lb_model_fit_files/figure-latex/residual-diag-6.pdf Graphic file (type pdf)
<use /Users/ico/GitHub/ocbe-uio/impress/reports/model fit/impress_lb_model_fit_files/figure-latex/residual-diag-6.pdf>
[43]
File: /Users/ico/GitHub/ocbe-uio/impress/reports/model fit/impress_lb_model_fit_files/figure-latex/residual-diag-7.pdf Graphic file (type pdf)
<use /Users/ico/GitHub/ocbe-uio/impress/reports/model fit/impress_lb_model_fit_files/figure-latex/residual-diag-7.pdf>
[44]
File: /Users/ico/GitHub/ocbe-uio/impress/reports/model fit/impress_lb_model_fit_files/figure-latex/residual-diag-8.pdf Graphic file (type pdf)
<use /Users/ico/GitHub/ocbe-uio/impress/reports/model fit/impress_lb_model_fit_files/figure-latex/residual-diag-8.pdf>
[45]
File: /Users/ico/GitHub/ocbe-uio/impress/reports/model fit/impress_lb_model_fit_files/figure-latex/residual-diag-9.pdf Graphic file (type pdf)
<use /Users/ico/GitHub/ocbe-uio/impress/reports/model fit/impress_lb_model_fit_files/figure-latex/residual-diag-9.pdf>
[46]
File: /Users/ico/GitHub/ocbe-uio/impress/reports/model fit/impress_lb_model_fit_files/figure-latex/residual-diag-10.pdf Graphic file (type pdf)
<use /Users/ico/GitHub/ocbe-uio/impress/reports/model fit/impress_lb_model_fit_files/figure-latex/residual-diag-10.pdf>
[47]
File: /Users/ico/GitHub/ocbe-uio/impress/reports/model fit/impress_lb_model_fit_files/figure-latex/residual-diag-11.pdf Graphic file (type pdf)
<use /Users/ico/GitHub/ocbe-uio/impress/reports/model fit/impress_lb_model_fit_files/figure-latex/residual-diag-11.pdf>
[48]
File: /Users/ico/GitHub/ocbe-uio/impress/reports/model fit/impress_lb_model_fit_files/figure-latex/residual-diag-12.pdf Graphic file (type pdf)
<use /Users/ico/GitHub/ocbe-uio/impress/reports/model fit/impress_lb_model_fit_files/figure-latex/residual-diag-12.pdf>
[49]
File: /Users/ico/GitHub/ocbe-uio/impress/reports/model fit/impress_lb_model_fit_files/figure-latex/residual-diag-13.pdf Graphic file (type pdf)
<use /Users/ico/GitHub/ocbe-uio/impress/reports/model fit/impress_lb_model_fit_files/figure-latex/residual-diag-13.pdf>
[50]
File: /Users/ico/GitHub/ocbe-uio/impress/reports/model fit/impress_lb_model_fit_files/figure-latex/residual-diag-14.pdf Graphic file (type pdf)
<use /Users/ico/GitHub/ocbe-uio/impress/reports/model fit/impress_lb_model_fit_files/figure-latex/residual-diag-14.pdf>
[51]
File: /Users/ico/GitHub/ocbe-uio/impress/reports/model fit/impress_lb_model_fit_files/figure-latex/residual-diag-15.pdf Graphic file (type pdf)
<use /Users/ico/GitHub/ocbe-uio/impress/reports/model fit/impress_lb_model_fit_files/figure-latex/residual-diag-15.pdf>
[52]
File: /Users/ico/GitHub/ocbe-uio/impress/reports/model fit/impress_lb_model_fit_files/figure-latex/residual-diag-16.pdf Graphic file (type pdf)
<use /Users/ico/GitHub/ocbe-uio/impress/reports/model fit/impress_lb_model_fit_files/figure-latex/residual-diag-16.pdf>
[53]
File: /Users/ico/GitHub/ocbe-uio/impress/reports/model fit/impress_lb_model_fit_files/figure-latex/residual-diag-17.pdf Graphic file (type pdf)
<use /Users/ico/GitHub/ocbe-uio/impress/reports/model fit/impress_lb_model_fit_files/figure-latex/residual-diag-17.pdf>
[54]
File: /Users/ico/GitHub/ocbe-uio/impress/reports/model fit/impress_lb_model_fit_files/figure-latex/residual-diag-18.pdf Graphic file (type pdf)
<use /Users/ico/GitHub/ocbe-uio/impress/reports/model fit/impress_lb_model_fit_files/figure-latex/residual-diag-18.pdf>
[55]
File: /Users/ico/GitHub/ocbe-uio/impress/reports/model fit/impress_lb_model_fit_files/figure-latex/residual-diag-19.pdf Graphic file (type pdf)
<use /Users/ico/GitHub/ocbe-uio/impress/reports/model fit/impress_lb_model_fit_files/figure-latex/residual-diag-19.pdf>
[56]
File: /Users/ico/GitHub/ocbe-uio/impress/reports/model fit/impress_lb_model_fit_files/figure-latex/residual-diag-20.pdf Graphic file (type pdf)
<use /Users/ico/GitHub/ocbe-uio/impress/reports/model fit/impress_lb_model_fit_files/figure-latex/residual-diag-20.pdf>
[57]
File: /Users/ico/GitHub/ocbe-uio/impress/reports/model fit/impress_lb_model_fit_files/figure-latex/residual-diag-21.pdf Graphic file (type pdf)
<use /Users/ico/GitHub/ocbe-uio/impress/reports/model fit/impress_lb_model_fit_files/figure-latex/residual-diag-21.pdf>
[58]
File: /Users/ico/GitHub/ocbe-uio/impress/reports/model fit/impress_lb_model_fit_files/figure-latex/residual-diag-22.pdf Graphic file (type pdf)
<use /Users/ico/GitHub/ocbe-uio/impress/reports/model fit/impress_lb_model_fit_files/figure-latex/residual-diag-22.pdf>
[59]
File: /Users/ico/GitHub/ocbe-uio/impress/reports/model fit/impress_lb_model_fit_files/figure-latex/residual-diag-23.pdf Graphic file (type pdf)
<use /Users/ico/GitHub/ocbe-uio/impress/reports/model fit/impress_lb_model_fit_files/figure-latex/residual-diag-23.pdf>
[60]
File: /Users/ico/GitHub/ocbe-uio/impress/reports/model fit/impress_lb_model_fit_files/figure-latex/residual-diag-24.pdf Graphic file (type pdf)
<use /Users/ico/GitHub/ocbe-uio/impress/reports/model fit/impress_lb_model_fit_files/figure-latex/residual-diag-24.pdf>
[61]
File: /Users/ico/GitHub/ocbe-uio/impress/reports/model fit/impress_lb_model_fit_files/figure-latex/residual-diag-25.pdf Graphic file (type pdf)
<use /Users/ico/GitHub/ocbe-uio/impress/reports/model fit/impress_lb_model_fit_files/figure-latex/residual-diag-25.pdf>
[62]
File: /Users/ico/GitHub/ocbe-uio/impress/reports/model fit/impress_lb_model_fit_files/figure-latex/residual-diag-26.pdf Graphic file (type pdf)
<use /Users/ico/GitHub/ocbe-uio/impress/reports/model fit/impress_lb_model_fit_files/figure-latex/residual-diag-26.pdf>
[63]
File: /Users/ico/GitHub/ocbe-uio/impress/reports/model fit/impress_lb_model_fit_files/figure-latex/residual-diag-27.pdf Graphic file (type pdf)
<use /Users/ico/GitHub/ocbe-uio/impress/reports/model fit/impress_lb_model_fit_files/figure-latex/residual-diag-27.pdf>
[64]
File: /Users/ico/GitHub/ocbe-uio/impress/reports/model fit/impress_lb_model_fit_files/figure-latex/residual-diag-28.pdf Graphic file (type pdf)
<use /Users/ico/GitHub/ocbe-uio/impress/reports/model fit/impress_lb_model_fit_files/figure-latex/residual-diag-28.pdf>
[65]
File: /Users/ico/GitHub/ocbe-uio/impress/reports/model fit/impress_lb_model_fit_files/figure-latex/residual-diag-29.pdf Graphic file (type pdf)
<use /Users/ico/GitHub/ocbe-uio/impress/reports/model fit/impress_lb_model_fit_files/figure-latex/residual-diag-29.pdf>
[66]
File: /Users/ico/GitHub/ocbe-uio/impress/reports/model fit/impress_lb_model_fit_files/figure-latex/residual-diag-30.pdf Graphic file (type pdf)
<use /Users/ico/GitHub/ocbe-uio/impress/reports/model fit/impress_lb_model_fit_files/figure-latex/residual-diag-30.pdf>
[67]
File: /Users/ico/GitHub/ocbe-uio/impress/reports/model fit/impress_lb_model_fit_files/figure-latex/residual-diag-31.pdf Graphic file (type pdf)
<use /Users/ico/GitHub/ocbe-uio/impress/reports/model fit/impress_lb_model_fit_files/figure-latex/residual-diag-31.pdf>
[68]
File: /Users/ico/GitHub/ocbe-uio/impress/reports/model fit/impress_lb_model_fit_files/figure-latex/residual-diag-32.pdf Graphic file (type pdf)
<use /Users/ico/GitHub/ocbe-uio/impress/reports/model fit/impress_lb_model_fit_files/figure-latex/residual-diag-32.pdf>
[69]
File: /Users/ico/GitHub/ocbe-uio/impress/reports/model fit/impress_lb_model_fit_files/figure-latex/residual-diag-33.pdf Graphic file (type pdf)
<use /Users/ico/GitHub/ocbe-uio/impress/reports/model fit/impress_lb_model_fit_files/figure-latex/residual-diag-33.pdf>
[70]
File: /Users/ico/GitHub/ocbe-uio/impress/reports/model fit/impress_lb_model_fit_files/figure-latex/residual-diag-34.pdf Graphic file (type pdf)
<use /Users/ico/GitHub/ocbe-uio/impress/reports/model fit/impress_lb_model_fit_files/figure-latex/residual-diag-34.pdf>
[71]
File: /Users/ico/GitHub/ocbe-uio/impress/reports/model fit/impress_lb_model_fit_files/figure-latex/residual-diag-35.pdf Graphic file (type pdf)
<use /Users/ico/GitHub/ocbe-uio/impress/reports/model fit/impress_lb_model_fit_files/figure-latex/residual-diag-35.pdf>
[72]
File: /Users/ico/GitHub/ocbe-uio/impress/reports/model fit/impress_lb_model_fit_files/figure-latex/residual-diag-36.pdf Graphic file (type pdf)
<use /Users/ico/GitHub/ocbe-uio/impress/reports/model fit/impress_lb_model_fit_files/figure-latex/residual-diag-36.pdf>
[73]
File: /Users/ico/GitHub/ocbe-uio/impress/reports/model fit/impress_lb_model_fit_files/figure-latex/residual-diag-37.pdf Graphic file (type pdf)
<use /Users/ico/GitHub/ocbe-uio/impress/reports/model fit/impress_lb_model_fit_files/figure-latex/residual-diag-37.pdf>
[74]
File: /Users/ico/GitHub/ocbe-uio/impress/reports/model fit/impress_lb_model_fit_files/figure-latex/residual-diag-38.pdf Graphic file (type pdf)
<use /Users/ico/GitHub/ocbe-uio/impress/reports/model fit/impress_lb_model_fit_files/figure-latex/residual-diag-38.pdf>
[75]
File: /Users/ico/GitHub/ocbe-uio/impress/reports/model fit/impress_lb_model_fit_files/figure-latex/residual-diag-39.pdf Graphic file (type pdf)
<use /Users/ico/GitHub/ocbe-uio/impress/reports/model fit/impress_lb_model_fit_files/figure-latex/residual-diag-39.pdf>
[76]
File: /Users/ico/GitHub/ocbe-uio/impress/reports/model fit/impress_lb_model_fit_files/figure-latex/residual-diag-40.pdf Graphic file (type pdf)
<use /Users/ico/GitHub/ocbe-uio/impress/reports/model fit/impress_lb_model_fit_files/figure-latex/residual-diag-40.pdf>
[77]
File: /Users/ico/GitHub/ocbe-uio/impress/reports/model fit/impress_lb_model_fit_files/figure-latex/residual-diag-41.pdf Graphic file (type pdf)
<use /Users/ico/GitHub/ocbe-uio/impress/reports/model fit/impress_lb_model_fit_files/figure-latex/residual-diag-41.pdf>
[78]
File: /Users/ico/GitHub/ocbe-uio/impress/reports/model fit/impress_lb_model_fit_files/figure-latex/residual-diag-42.pdf Graphic file (type pdf)
<use /Users/ico/GitHub/ocbe-uio/impress/reports/model fit/impress_lb_model_fit_files/figure-latex/residual-diag-42.pdf>
[79]
File: /Users/ico/GitHub/ocbe-uio/impress/reports/model fit/impress_lb_model_fit_files/figure-latex/residual-diag-43.pdf Graphic file (type pdf)
<use /Users/ico/GitHub/ocbe-uio/impress/reports/model fit/impress_lb_model_fit_files/figure-latex/residual-diag-43.pdf>
[80]
File: /Users/ico/GitHub/ocbe-uio/impress/reports/model fit/impress_lb_model_fit_files/figure-latex/residual-diag-44.pdf Graphic file (type pdf)
<use /Users/ico/GitHub/ocbe-uio/impress/reports/model fit/impress_lb_model_fit_files/figure-latex/residual-diag-44.pdf>
[81]
File: /Users/ico/GitHub/ocbe-uio/impress/reports/model fit/impress_lb_model_fit_files/figure-latex/residual-diag-45.pdf Graphic file (type pdf)
<use /Users/ico/GitHub/ocbe-uio/impress/reports/model fit/impress_lb_model_fit_files/figure-latex/residual-diag-45.pdf>
[82]
File: /Users/ico/GitHub/ocbe-uio/impress/reports/model fit/impress_lb_model_fit_files/figure-latex/residual-diag-46.pdf Graphic file (type pdf)
<use /Users/ico/GitHub/ocbe-uio/impress/reports/model fit/impress_lb_model_fit_files/figure-latex/residual-diag-46.pdf>
[83]
File: /Users/ico/GitHub/ocbe-uio/impress/reports/model fit/impress_lb_model_fit_files/figure-latex/residual-diag-47.pdf Graphic file (type pdf)
<use /Users/ico/GitHub/ocbe-uio/impress/reports/model fit/impress_lb_model_fit_files/figure-latex/residual-diag-47.pdf>
[84]
File: /Users/ico/GitHub/ocbe-uio/impress/reports/model fit/impress_lb_model_fit_files/figure-latex/residual-diag-48.pdf Graphic file (type pdf)
<use /Users/ico/GitHub/ocbe-uio/impress/reports/model fit/impress_lb_model_fit_files/figure-latex/residual-diag-48.pdf>
[85]
File: /Users/ico/GitHub/ocbe-uio/impress/reports/model fit/impress_lb_model_fit_files/figure-latex/residual-diag-49.pdf Graphic file (type pdf)
<use /Users/ico/GitHub/ocbe-uio/impress/reports/model fit/impress_lb_model_fit_files/figure-latex/residual-diag-49.pdf>
[86]
File: /Users/ico/GitHub/ocbe-uio/impress/reports/model fit/impress_lb_model_fit_files/figure-latex/residual-diag-50.pdf Graphic file (type pdf)
<use /Users/ico/GitHub/ocbe-uio/impress/reports/model fit/impress_lb_model_fit_files/figure-latex/residual-diag-50.pdf>
[87]
File: /Users/ico/GitHub/ocbe-uio/impress/reports/model fit/impress_lb_model_fit_files/figure-latex/residual-diag-51.pdf Graphic file (type pdf)
<use /Users/ico/GitHub/ocbe-uio/impress/reports/model fit/impress_lb_model_fit_files/figure-latex/residual-diag-51.pdf>
[88]
File: /Users/ico/GitHub/ocbe-uio/impress/reports/model fit/impress_lb_model_fit_files/figure-latex/residual-diag-52.pdf Graphic file (type pdf)
<use /Users/ico/GitHub/ocbe-uio/impress/reports/model fit/impress_lb_model_fit_files/figure-latex/residual-diag-52.pdf>
[89]
File: /Users/ico/GitHub/ocbe-uio/impress/reports/model fit/impress_lb_model_fit_files/figure-latex/residual-diag-53.pdf Graphic file (type pdf)
<use /Users/ico/GitHub/ocbe-uio/impress/reports/model fit/impress_lb_model_fit_files/figure-latex/residual-diag-53.pdf>
[90]
File: /Users/ico/GitHub/ocbe-uio/impress/reports/model fit/impress_lb_model_fit_files/figure-latex/residual-diag-54.pdf Graphic file (type pdf)
<use /Users/ico/GitHub/ocbe-uio/impress/reports/model fit/impress_lb_model_fit_files/figure-latex/residual-diag-54.pdf>
[91]
File: /Users/ico/GitHub/ocbe-uio/impress/reports/model fit/impress_lb_model_fit_files/figure-latex/residual-diag-55.pdf Graphic file (type pdf)
<use /Users/ico/GitHub/ocbe-uio/impress/reports/model fit/impress_lb_model_fit_files/figure-latex/residual-diag-55.pdf>
[92]
File: /Users/ico/GitHub/ocbe-uio/impress/reports/model fit/impress_lb_model_fit_files/figure-latex/residual-diag-56.pdf Graphic file (type pdf)
<use /Users/ico/GitHub/ocbe-uio/impress/reports/model fit/impress_lb_model_fit_files/figure-latex/residual-diag-56.pdf>
[93]
File: /Users/ico/GitHub/ocbe-uio/impress/reports/model fit/impress_lb_model_fit_files/figure-latex/residual-diag-57.pdf Graphic file (type pdf)
<use /Users/ico/GitHub/ocbe-uio/impress/reports/model fit/impress_lb_model_fit_files/figure-latex/residual-diag-57.pdf>
[94]
File: /Users/ico/GitHub/ocbe-uio/impress/reports/model fit/impress_lb_model_fit_files/figure-latex/residual-diag-58.pdf Graphic file (type pdf)
<use /Users/ico/GitHub/ocbe-uio/impress/reports/model fit/impress_lb_model_fit_files/figure-latex/residual-diag-58.pdf>
[95]
File: /Users/ico/GitHub/ocbe-uio/impress/reports/model fit/impress_lb_model_fit_files/figure-latex/residual-diag-59.pdf Graphic file (type pdf)
<use /Users/ico/GitHub/ocbe-uio/impress/reports/model fit/impress_lb_model_fit_files/figure-latex/residual-diag-59.pdf>
[96]
File: /Users/ico/GitHub/ocbe-uio/impress/reports/model fit/impress_lb_model_fit_files/figure-latex/residual-diag-60.pdf Graphic file (type pdf)
<use /Users/ico/GitHub/ocbe-uio/impress/reports/model fit/impress_lb_model_fit_files/figure-latex/residual-diag-60.pdf>
[97]
File: /Users/ico/GitHub/ocbe-uio/impress/reports/model fit/impress_lb_model_fit_files/figure-latex/residual-diag-61.pdf Graphic file (type pdf)
<use /Users/ico/GitHub/ocbe-uio/impress/reports/model fit/impress_lb_model_fit_files/figure-latex/residual-diag-61.pdf>
[98]
File: /Users/ico/GitHub/ocbe-uio/impress/reports/model fit/impress_lb_model_fit_files/figure-latex/residual-diag-62.pdf Graphic file (type pdf)
<use /Users/ico/GitHub/ocbe-uio/impress/reports/model fit/impress_lb_model_fit_files/figure-latex/residual-diag-62.pdf>
[99]
File: /Users/ico/GitHub/ocbe-uio/impress/reports/model fit/impress_lb_model_fit_files/figure-latex/residual-diag-63.pdf Graphic file (type pdf)
<use /Users/ico/GitHub/ocbe-uio/impress/reports/model fit/impress_lb_model_fit_files/figure-latex/residual-diag-63.pdf>
[100]
File: /Users/ico/GitHub/ocbe-uio/impress/reports/model fit/impress_lb_model_fit_files/figure-latex/residual-diag-64.pdf Graphic file (type pdf)
<use /Users/ico/GitHub/ocbe-uio/impress/reports/model fit/impress_lb_model_fit_files/figure-latex/residual-diag-64.pdf>
[101]
File: /Users/ico/GitHub/ocbe-uio/impress/reports/model fit/impress_lb_model_fit_files/figure-latex/residual-diag-65.pdf Graphic file (type pdf)
<use /Users/ico/GitHub/ocbe-uio/impress/reports/model fit/impress_lb_model_fit_files/figure-latex/residual-diag-65.pdf>
[102]
File: /Users/ico/GitHub/ocbe-uio/impress/reports/model fit/impress_lb_model_fit_files/figure-latex/residual-diag-66.pdf Graphic file (type pdf)
<use /Users/ico/GitHub/ocbe-uio/impress/reports/model fit/impress_lb_model_fit_files/figure-latex/residual-diag-66.pdf>
[103]
Overfull \hbox (28.99498pt too wide) in paragraph at lines 1660--1660
[]\TU/lmtt/m/n/10 ## **Summary:** 33 analytes favour log-ratio; 0 favour linear; 0 log models failed to converge.[] 
 []

Missing character: There is no ≈ (U+2248) in font [lmroman10-regular]:mapping=tex-text;!
[104] [105] (./impress_lb_model_fit.aux)
 ***********
LaTeX2e <2023-11-01> patch level 1
L3 programming layer <2024-02-20>
 ***********

LaTeX Warning: Label(s) may have changed. Rerun to get cross-references right.

 ) 
Here is how much of TeX's memory you used:
 20537 strings out of 476758
 505947 string characters out of 5801457
 1977839 words of memory out of 5000000
 42175 multiletter control sequences out of 15000+600000
 564504 words of font info for 87 fonts, out of 8000000 for 9000
 14 hyphenation exceptions out of 8191
 90i,7n,121p,1072b,451s stack positions out of 10000i,1000n,20000p,200000b,200000s

Output written on impress_lb_model_fit.pdf (105 pages).
